<?xml version="1.0" encoding="UTF-8"?>
<testng-results skipped="0" failed="0" total="2" passed="2">
  <reporter-output>
  </reporter-output>
  <suite name="Default suite" duration-ms="7025" started-at="2020-04-07T06:38:15Z" finished-at="2020-04-07T06:38:22Z">
    <groups>
    </groups>
    <test name="Default test" duration-ms="7025" started-at="2020-04-07T06:38:15Z" finished-at="2020-04-07T06:38:22Z">
      <class name="com.qa.test.getApiTest">
        <test-method status="PASS" signature="setup()[pri:0, instance:com.qa.test.getApiTest@591f989e]" name="setup" is-config="true" duration-ms="102" started-at="2020-04-07T12:08:15Z" finished-at="2020-04-07T12:08:15Z">
          <reporter-output>
          </reporter-output>
        </test-method> <!-- setup -->
        <test-method status="PASS" signature="gettest()[pri:1, instance:com.qa.test.getApiTest@591f989e]" name="gettest" duration-ms="5443" started-at="2020-04-07T12:08:15Z" finished-at="2020-04-07T12:08:20Z">
          <reporter-output>
          </reporter-output>
        </test-method> <!-- gettest -->
        <test-method status="PASS" signature="setup()[pri:0, instance:com.qa.test.getApiTest@591f989e]" name="setup" is-config="true" duration-ms="0" started-at="2020-04-07T12:08:20Z" finished-at="2020-04-07T12:08:20Z">
          <reporter-output>
          </reporter-output>
        </test-method> <!-- setup -->
        <test-method status="PASS" signature="gettestswithheaders()[pri:2, instance:com.qa.test.getApiTest@591f989e]" name="gettestswithheaders" duration-ms="1375" started-at="2020-04-07T12:08:20Z" finished-at="2020-04-07T12:08:22Z">
          <reporter-output>
          </reporter-output>
        </test-method> <!-- gettestswithheaders -->
      </class> <!-- com.qa.test.getApiTest -->
    </test> <!-- Default test -->
  </suite> <!-- Default suite -->
</testng-results>
